<?xml version="1.0" encoding="UTF-8"?>
<!-- Generated by org.testng.reporters.JUnitReportReporter -->
<testsuite hostname="DESKTOP-CJA0QNI" failures="0" tests="2" name="com.cgi.test.LoginTest" time="15.910" errors="0" timestamp="2024-05-30T13:27:36 BST" skipped="0">
  <testcase classname="com.cgi.test.LoginTest" name="validLoginTest" time="7.534"/>
  <testcase classname="com.cgi.test.LoginTest" name="validLoginTest" time="8.376"/>
</testsuite> <!-- com.cgi.test.LoginTest -->
