<?xml version="1.0" encoding="UTF-8"?>
<!-- Generated by org.testng.reporters.JUnitReportReporter -->
<testsuite hostname="DESKTOP-CJA0QNI" failures="0" tests="2" name="com.cgi.runner.RunnerTest" time="18.125" errors="0" timestamp="2024-05-31T13:26:35 BST" skipped="0">
  <testcase classname="com.cgi.runner.RunnerTest" name="runScenario" time="8.598"/>
  <testcase classname="com.cgi.runner.RunnerTest" name="runScenario" time="9.527"/>
</testsuite> <!-- com.cgi.runner.RunnerTest -->
