<?xml version="1.0" encoding="UTF-8"?>
<!-- Generated by org.testng.reporters.JUnitReportReporter -->
<testsuite hostname="DESKTOP-CJA0QNI" failures="0" tests="3" name="com.cgi.test.ZDemo1Test" time="0.008" errors="0" timestamp="2024-05-30T10:24:52 BST" skipped="0">
  <testcase classname="com.cgi.test.ZDemo1Test" name="validLogin" time="0.001"/>
  <testcase classname="com.cgi.test.ZDemo1Test" name="validLogin" time="0.001"/>
  <testcase classname="com.cgi.test.ZDemo1Test" name="validLogin" time="0.006"/>
</testsuite> <!-- com.cgi.test.ZDemo1Test -->
