<?xml version="1.0" encoding="UTF-8"?>
<!-- Generated by org.testng.reporters.JUnitReportReporter -->
<testsuite hostname="DESKTOP-CJA0QNI" failures="0" tests="2" name="com.cgi.runner.RunnerTest" time="0.116" errors="0" timestamp="2024-05-31T13:08:44 BST" skipped="0">
  <testcase classname="com.cgi.runner.RunnerTest" name="runScenario" time="0.017"/>
  <testcase classname="com.cgi.runner.RunnerTest" name="runScenario" time="0.099"/>
</testsuite> <!-- com.cgi.runner.RunnerTest -->
